{
  "RSpec": {
    "coverage": {
      "/Users/cameron/turing/3module/rails engine/rails_engine/app/models/customer.rb": [
        1,
        42,
        1,
        1,
        1,
        1,
        null,
        1,
        null,
        null,
        null,
        null,
        null,
        null,
        1,
        null,
        null,
        1,
        1,
        null,
        null
      ],
      "/Users/cameron/turing/3module/rails engine/rails_engine/app/models/application_record.rb": [
        1,
        1,
        null
      ],
      "/Users/cameron/turing/3module/rails engine/rails_engine/app/models/invoice_item.rb": [
        1,
        92,
        2,
        1,
        1,
        null
      ],
      "/Users/cameron/turing/3module/rails engine/rails_engine/app/models/invoice.rb": [
        1,
        108,
        2,
        1,
        1,
        1,
        1,
        1,
        null,
        1,
        null,
        null,
        null,
        1,
        null,
        null,
        1,
        null,
        null,
        null,
        null,
        1,
        null,
        null,
        1,
        null,
        null,
        null,
        null,
        null,
        null,
        null,
        1,
        null,
        null,
        1,
        1,
        1,
        null,
        null,
        null
      ],
      "/Users/cameron/turing/3module/rails engine/rails_engine/app/models/item.rb": [
        1,
        58,
        2,
        1,
        1,
        1,
        null,
        1,
        null,
        null,
        null,
        null,
        null,
        1,
        null,
        null,
        1,
        null,
        null,
        null,
        null,
        null,
        null,
        2,
        null,
        null
      ],
      "/Users/cameron/turing/3module/rails engine/rails_engine/app/models/merchant.rb": [
        1,
        67,
        1,
        1,
        1,
        null,
        1,
        null,
        null,
        null,
        null,
        null,
        4,
        null,
        null,
        1,
        null,
        null,
        null,
        null,
        null,
        null,
        null,
        null,
        1,
        null,
        null,
        1,
        null,
        null,
        null,
        null,
        null,
        2,
        null,
        null
      ],
      "/Users/cameron/turing/3module/rails engine/rails_engine/app/models/transaction.rb": [
        1,
        100,
        1,
        1,
        null,
        15,
        null
      ],
      "/Users/cameron/turing/3module/rails engine/rails_engine/app/controllers/api/v1/customers/invoices_controller.rb": [
        1,
        null,
        1,
        1,
        1,
        null,
        null,
        null
      ],
      "/Users/cameron/turing/3module/rails engine/rails_engine/app/controllers/application_controller.rb": [
        1,
        null
      ],
      "/Users/cameron/turing/3module/rails engine/rails_engine/app/serializers/invoice_serializer.rb": [
        1,
        1,
        null,
        null,
        null,
        null,
        null
      ],
      "/Users/cameron/turing/3module/rails engine/rails_engine/app/controllers/api/v1/customers/transactions_controller.rb": [
        1,
        null,
        1,
        1,
        1,
        null,
        null,
        null
      ],
      "/Users/cameron/turing/3module/rails engine/rails_engine/app/serializers/transaction_serializer.rb": [
        1,
        1,
        null,
        null,
        null,
        null
      ],
      "/Users/cameron/turing/3module/rails engine/rails_engine/app/controllers/api/v1/customers/favorite_merchant_controller.rb": [
        1,
        null,
        1,
        1,
        null,
        null,
        1,
        null,
        1,
        1,
        null,
        null
      ],
      "/Users/cameron/turing/3module/rails engine/rails_engine/app/serializers/merchant_serializer.rb": [
        1,
        1,
        null,
        null
      ],
      "/Users/cameron/turing/3module/rails engine/rails_engine/app/controllers/api/v1/customers/random_controller.rb": [
        1,
        null,
        1,
        1,
        null,
        null
      ],
      "/Users/cameron/turing/3module/rails engine/rails_engine/app/serializers/customer_serializer.rb": [
        1,
        1,
        null,
        null,
        null
      ],
      "/Users/cameron/turing/3module/rails engine/rails_engine/app/controllers/api/v1/customers_controller.rb": [
        1,
        null,
        1,
        1,
        null,
        null,
        1,
        1,
        null,
        null
      ],
      "/Users/cameron/turing/3module/rails engine/rails_engine/app/controllers/api/v1/customers/search_controller.rb": [
        1,
        null,
        1,
        2,
        null,
        null,
        1,
        2,
        null,
        null,
        1,
        null,
        1,
        4,
        null,
        null
      ],
      "/Users/cameron/turing/3module/rails engine/rails_engine/app/controllers/api/v1/invoice_items/invoices_controller.rb": [
        1,
        null,
        1,
        1,
        1,
        null,
        null
      ],
      "/Users/cameron/turing/3module/rails engine/rails_engine/app/controllers/api/v1/invoice_items/items_controller.rb": [
        1,
        null,
        1,
        1,
        1,
        null,
        null
      ],
      "/Users/cameron/turing/3module/rails engine/rails_engine/app/serializers/item_serializer.rb": [
        1,
        1,
        null,
        null,
        null,
        null,
        null,
        1,
        23,
        null,
        null
      ],
      "/Users/cameron/turing/3module/rails engine/rails_engine/app/controllers/api/v1/invoice_items_controller.rb": [
        1,
        1,
        1,
        null,
        null,
        1,
        1,
        null,
        null
      ],
      "/Users/cameron/turing/3module/rails engine/rails_engine/app/serializers/invoice_item_serializer.rb": [
        1,
        1,
        null,
        null,
        null,
        null,
        null,
        1,
        16,
        null,
        null
      ],
      "/Users/cameron/turing/3module/rails engine/rails_engine/app/controllers/api/v1/invoice_items/search_controller.rb": [
        1,
        null,
        1,
        2,
        null,
        null,
        1,
        1,
        null,
        null,
        1,
        null,
        1,
        3,
        1,
        null,
        3,
        null,
        null,
        null,
        null,
        null,
        null,
        null,
        null
      ],
      "/Users/cameron/turing/3module/rails engine/rails_engine/app/controllers/api/v1/invoice_items/random_controller.rb": [
        1,
        null,
        1,
        1,
        null,
        null,
        null
      ],
      "/Users/cameron/turing/3module/rails engine/rails_engine/app/controllers/api/v1/invoices/customers_controller.rb": [
        1,
        null,
        1,
        1,
        1,
        null,
        null
      ],
      "/Users/cameron/turing/3module/rails engine/rails_engine/app/controllers/api/v1/invoices/invoice_items_controller.rb": [
        1,
        null,
        1,
        1,
        1,
        null,
        null
      ],
      "/Users/cameron/turing/3module/rails engine/rails_engine/app/controllers/api/v1/invoices/items_controller.rb": [
        1,
        null,
        1,
        1,
        1,
        null,
        null
      ],
      "/Users/cameron/turing/3module/rails engine/rails_engine/app/controllers/api/v1/invoices/merchants_controller.rb": [
        1,
        null,
        1,
        1,
        1,
        null,
        null
      ],
      "/Users/cameron/turing/3module/rails engine/rails_engine/app/controllers/api/v1/invoices_controller.rb": [
        1,
        null,
        1,
        1,
        null,
        null,
        1,
        1,
        null,
        null
      ],
      "/Users/cameron/turing/3module/rails engine/rails_engine/app/controllers/api/v1/invoices/search_controller.rb": [
        1,
        null,
        1,
        1,
        null,
        null,
        1,
        1,
        null,
        null,
        1,
        null,
        1,
        2,
        null,
        null,
        null,
        null,
        null,
        null,
        null,
        null
      ],
      "/Users/cameron/turing/3module/rails engine/rails_engine/app/controllers/api/v1/invoices/random_controller.rb": [
        1,
        null,
        1,
        1,
        null,
        null
      ],
      "/Users/cameron/turing/3module/rails engine/rails_engine/app/controllers/api/v1/invoices/transactions_controller.rb": [
        1,
        null,
        1,
        1,
        1,
        null,
        null
      ],
      "/Users/cameron/turing/3module/rails engine/rails_engine/app/controllers/api/v1/items/best_day_controller.rb": [
        1,
        null,
        1,
        1,
        null,
        null,
        1,
        null,
        1,
        1,
        null,
        null
      ],
      "/Users/cameron/turing/3module/rails engine/rails_engine/app/serializers/itembestday_serializer.rb": [
        1,
        1,
        null,
        1,
        1,
        null,
        null
      ],
      "/Users/cameron/turing/3module/rails engine/rails_engine/app/controllers/api/v1/items/invoice_items_controller.rb": [
        1,
        null,
        1,
        1,
        1,
        null,
        null
      ],
      "/Users/cameron/turing/3module/rails engine/rails_engine/app/controllers/api/v1/items/merchants_controller.rb": [
        1,
        null,
        1,
        1,
        1,
        null,
        null
      ],
      "/Users/cameron/turing/3module/rails engine/rails_engine/app/controllers/api/v1/items_controller.rb": [
        1,
        null,
        1,
        1,
        null,
        null,
        1,
        1,
        null,
        null,
        null
      ],
      "/Users/cameron/turing/3module/rails engine/rails_engine/app/controllers/api/v1/items/search_controller.rb": [
        1,
        null,
        1,
        2,
        null,
        null,
        1,
        1,
        null,
        null,
        1,
        null,
        1,
        3,
        1,
        null,
        3,
        null,
        null
      ],
      "/Users/cameron/turing/3module/rails engine/rails_engine/app/controllers/api/v1/items/random_controller.rb": [
        1,
        null,
        1,
        1,
        null,
        null,
        null
      ],
      "/Users/cameron/turing/3module/rails engine/rails_engine/app/controllers/api/v1/items/most_items_controller.rb": [
        1,
        null,
        1,
        2,
        null,
        null,
        1,
        null,
        1,
        2,
        null,
        null
      ],
      "/Users/cameron/turing/3module/rails engine/rails_engine/app/controllers/api/v1/items/most_revenue_controller.rb": [
        1,
        null,
        1,
        1,
        null,
        null,
        1,
        null,
        1,
        1,
        null,
        null
      ],
      "/Users/cameron/turing/3module/rails engine/rails_engine/app/controllers/api/v1/merchants/most_revenue_controller.rb": [
        1,
        null,
        1,
        1,
        null,
        null,
        1,
        null,
        1,
        1,
        1,
        null,
        1,
        null,
        null
      ],
      "/Users/cameron/turing/3module/rails engine/rails_engine/app/controllers/api/v1/merchants/revenue_controller.rb": [
        1,
        1,
        null,
        1,
        1,
        null,
        null,
        1,
        2,
        1,
        null,
        1,
        null,
        null,
        null,
        1,
        null,
        1,
        6,
        null,
        null,
        null
      ],
      "/Users/cameron/turing/3module/rails engine/rails_engine/app/serializers/merchant_revenue_serializer.rb": [
        1,
        1,
        null,
        1,
        1,
        null,
        null
      ],
      "/Users/cameron/turing/3module/rails engine/rails_engine/app/controllers/api/v1/merchants/pending_invoices_controller.rb": [
        1,
        null,
        1,
        1,
        null,
        null,
        null
      ],
      "/Users/cameron/turing/3module/rails engine/rails_engine/app/controllers/api/v1/merchants/favorite_customer_controller.rb": [
        1,
        null,
        1,
        1,
        null,
        null,
        null
      ],
      "/Users/cameron/turing/3module/rails engine/rails_engine/app/controllers/api/v1/merchants/invoices_controller.rb": [
        1,
        null,
        1,
        1,
        1,
        null,
        null,
        null
      ],
      "/Users/cameron/turing/3module/rails engine/rails_engine/app/controllers/api/v1/merchants/items_controller.rb": [
        1,
        null,
        1,
        1,
        1,
        null,
        null,
        null
      ],
      "/Users/cameron/turing/3module/rails engine/rails_engine/app/controllers/api/v1/merchants/random_controller.rb": [
        1,
        null,
        1,
        1,
        null,
        null
      ],
      "/Users/cameron/turing/3module/rails engine/rails_engine/app/controllers/api/v1/merchants_controller.rb": [
        1,
        null,
        1,
        1,
        null,
        null,
        1,
        1,
        null,
        null
      ],
      "/Users/cameron/turing/3module/rails engine/rails_engine/app/serializers/single_merchant_revenue_serializer.rb": [
        1,
        1,
        null,
        1,
        1,
        null,
        null
      ],
      "/Users/cameron/turing/3module/rails engine/rails_engine/app/controllers/api/v1/merchants/search_controller.rb": [
        1,
        null,
        1,
        1,
        null,
        null,
        1,
        4,
        null,
        null,
        1,
        null,
        1,
        5,
        null,
        null
      ],
      "/Users/cameron/turing/3module/rails engine/rails_engine/app/serializers/single_merchant_revenue_date_serializer.rb": [
        1,
        1,
        null,
        1,
        1,
        null,
        null
      ],
      "/Users/cameron/turing/3module/rails engine/rails_engine/app/controllers/api/v1/merchants/top_merchants_controller.rb": [
        1,
        null,
        1,
        2,
        null,
        null,
        1,
        null,
        1,
        2,
        null,
        null
      ],
      "/Users/cameron/turing/3module/rails engine/rails_engine/app/controllers/api/v1/transactions/random_controller.rb": [
        1,
        null,
        1,
        1,
        null,
        null
      ],
      "/Users/cameron/turing/3module/rails engine/rails_engine/app/controllers/api/v1/transactions_controller.rb": [
        1,
        null,
        1,
        1,
        null,
        null,
        1,
        1,
        null,
        null,
        null
      ],
      "/Users/cameron/turing/3module/rails engine/rails_engine/app/controllers/api/v1/transactions/search_controller.rb": [
        1,
        null,
        1,
        4,
        null,
        null,
        1,
        3,
        null,
        null,
        1,
        null,
        1,
        7,
        null,
        null,
        null,
        null,
        null,
        null,
        null,
        null
      ],
      "/Users/cameron/turing/3module/rails engine/rails_engine/app/controllers/api/v1/transactions/invoices_controller.rb": [
        1,
        null,
        1,
        1,
        1,
        null,
        null,
        null
      ],
      "/Users/cameron/turing/3module/rails engine/rails_engine/app/channels/application_cable/channel.rb": [
        0,
        0,
        0,
        0
      ],
      "/Users/cameron/turing/3module/rails engine/rails_engine/app/channels/application_cable/connection.rb": [
        0,
        0,
        0,
        0
      ],
      "/Users/cameron/turing/3module/rails engine/rails_engine/app/jobs/application_job.rb": [
        0,
        0
      ],
      "/Users/cameron/turing/3module/rails engine/rails_engine/app/mailers/application_mailer.rb": [
        0,
        0,
        0,
        0
      ]
    },
    "timestamp": 1521219162
  }
}
